2019-08-21 10:16:17.585  INFO 5288 --- [main] o.s.b.m.d.Application                    : Starting Application on LAPTOP-J2J34ARV with PID 5288 (C:\Users\a1690\Desktop\multiple-data-sources\spring-boot-multiple-ds-sample\target\classes started by 偷电瓶车养你 in C:\Users\a1690\Desktop\multiple-data-sources)
2019-08-21 10:16:17.601  INFO 5288 --- [main] o.s.b.m.d.Application                    : No active profile set, falling back to default profiles: default
2019-08-21 10:16:17.670  INFO 5288 --- [main] ationConfigEmbeddedWebApplicationContext : Refreshing org.springframework.boot.context.embedded.AnnotationConfigEmbeddedWebApplicationContext@239b0f9d: startup date [Wed Aug 21 10:16:17 CST 2019]; root of context hierarchy
2019-08-21 10:16:19.348  INFO 5288 --- [main] s.b.c.e.t.TomcatEmbeddedServletContainer : Tomcat initialized with port(s): 8080 (http)
2019-08-21 10:16:19.363  INFO 5288 --- [main] o.a.c.c.StandardService                  : Starting service Tomcat
2019-08-21 10:16:19.363  INFO 5288 --- [main] o.a.c.c.StandardEngine                   : Starting Servlet Engine: Apache Tomcat/8.5.14
2019-08-21 10:16:19.442  INFO 5288 --- [localhost-startStop-1] o.a.c.c.C.[.[.[/]                        : Initializing Spring embedded WebApplicationContext
2019-08-21 10:16:19.442  INFO 5288 --- [localhost-startStop-1] o.s.w.c.ContextLoader                    : Root WebApplicationContext: initialization completed in 1772 ms
2019-08-21 10:16:19.895  INFO 5288 --- [localhost-startStop-1] o.s.b.w.s.ServletRegistrationBean        : Mapping servlet: 'dispatcherServlet' to [/]
2019-08-21 10:16:19.895  INFO 5288 --- [localhost-startStop-1] o.s.b.w.s.ServletRegistrationBean        : Mapping servlet: 'org.spring.boot.multiple.ds.servlet.druid.DruidStatViewServlet' to [/druid/*]
2019-08-21 10:16:19.895  INFO 5288 --- [localhost-startStop-1] o.s.b.w.s.FilterRegistrationBean         : Mapping filter: 'metricsFilter' to: [/*]
2019-08-21 10:16:19.895  INFO 5288 --- [localhost-startStop-1] o.s.b.w.s.FilterRegistrationBean         : Mapping filter: 'characterEncodingFilter' to: [/*]
2019-08-21 10:16:19.895  INFO 5288 --- [localhost-startStop-1] o.s.b.w.s.FilterRegistrationBean         : Mapping filter: 'hiddenHttpMethodFilter' to: [/*]
2019-08-21 10:16:19.895  INFO 5288 --- [localhost-startStop-1] o.s.b.w.s.FilterRegistrationBean         : Mapping filter: 'httpPutFormContentFilter' to: [/*]
2019-08-21 10:16:19.895  INFO 5288 --- [localhost-startStop-1] o.s.b.w.s.FilterRegistrationBean         : Mapping filter: 'requestContextFilter' to: [/*]
2019-08-21 10:16:19.895  INFO 5288 --- [localhost-startStop-1] o.s.b.w.s.FilterRegistrationBean         : Mapping filter: 'webRequestLoggingFilter' to: [/*]
2019-08-21 10:16:19.895  INFO 5288 --- [localhost-startStop-1] o.s.b.w.s.FilterRegistrationBean         : Mapping filter: 'druidWebStatFilter' to urls: [/*]
2019-08-21 10:16:19.895  INFO 5288 --- [localhost-startStop-1] o.s.b.w.s.FilterRegistrationBean         : Mapping filter: 'applicationContextIdFilter' to: [/*]
2019-08-21 10:16:21.066  INFO 5288 --- [main] s.w.s.m.m.a.RequestMappingHandlerAdapter : Looking for @ControllerAdvice: org.springframework.boot.context.embedded.AnnotationConfigEmbeddedWebApplicationContext@239b0f9d: startup date [Wed Aug 21 10:16:17 CST 2019]; root of context hierarchy
2019-08-21 10:16:21.191  INFO 5288 --- [main] s.w.s.m.m.a.RequestMappingHandlerMapping : Mapped "{[/merchandiseShiftVoucher]}" onto public java.lang.String org.spring.boot.multiple.ds.controller.YueTuController.merchandiseShiftVoucher()
2019-08-21 10:16:21.191  INFO 5288 --- [main] s.w.s.m.m.a.RequestMappingHandlerMapping : Mapped "{[/goodsReceiptVoucher]}" onto public java.lang.String org.spring.boot.multiple.ds.controller.YueTuController.goodsReceiptVoucher()
2019-08-21 10:16:21.191  INFO 5288 --- [main] s.w.s.m.m.a.RequestMappingHandlerMapping : Mapped "{[/goodsReturnReceiptVoucher]}" onto public java.lang.String org.spring.boot.multiple.ds.controller.YueTuController.goodsReturnReceipt()
2019-08-21 10:16:21.191  INFO 5288 --- [main] s.w.s.m.m.a.RequestMappingHandlerMapping : Mapped "{[/error]}" onto public org.springframework.http.ResponseEntity<java.util.Map<java.lang.String, java.lang.Object>> org.springframework.boot.autoconfigure.web.BasicErrorController.error(javax.servlet.http.HttpServletRequest)
2019-08-21 10:16:21.191  INFO 5288 --- [main] s.w.s.m.m.a.RequestMappingHandlerMapping : Mapped "{[/error],produces=[text/html]}" onto public org.springframework.web.servlet.ModelAndView org.springframework.boot.autoconfigure.web.BasicErrorController.errorHtml(javax.servlet.http.HttpServletRequest,javax.servlet.http.HttpServletResponse)
2019-08-21 10:16:21.316  INFO 5288 --- [main] o.s.w.s.h.SimpleUrlHandlerMapping        : Mapped URL path [/webjars/**] onto handler of type [class org.springframework.web.servlet.resource.ResourceHttpRequestHandler]
2019-08-21 10:16:21.316  INFO 5288 --- [main] o.s.w.s.h.SimpleUrlHandlerMapping        : Mapped URL path [/**] onto handler of type [class org.springframework.web.servlet.resource.ResourceHttpRequestHandler]
2019-08-21 10:16:21.379  INFO 5288 --- [main] o.s.w.s.h.SimpleUrlHandlerMapping        : Mapped URL path [/**/favicon.ico] onto handler of type [class org.springframework.web.servlet.resource.ResourceHttpRequestHandler]
2019-08-21 10:16:21.894  INFO 5288 --- [main] o.s.b.a.e.m.EndpointHandlerMapping       : Mapped "{[/auditevents || /auditevents.json],methods=[GET],produces=[application/vnd.spring-boot.actuator.v1+json || application/json]}" onto public org.springframework.http.ResponseEntity<?> org.springframework.boot.actuate.endpoint.mvc.AuditEventsMvcEndpoint.findByPrincipalAndAfterAndType(java.lang.String,java.util.Date,java.lang.String)
2019-08-21 10:16:21.894  INFO 5288 --- [main] o.s.b.a.e.m.EndpointHandlerMapping       : Mapped "{[/dump || /dump.json],methods=[GET],produces=[application/vnd.spring-boot.actuator.v1+json || application/json]}" onto public java.lang.Object org.springframework.boot.actuate.endpoint.mvc.EndpointMvcAdapter.invoke()
2019-08-21 10:16:21.894  INFO 5288 --- [main] o.s.b.a.e.m.EndpointHandlerMapping       : Mapped "{[/trace || /trace.json],methods=[GET],produces=[application/vnd.spring-boot.actuator.v1+json || application/json]}" onto public java.lang.Object org.springframework.boot.actuate.endpoint.mvc.EndpointMvcAdapter.invoke()
2019-08-21 10:16:21.894  INFO 5288 --- [main] o.s.b.a.e.m.EndpointHandlerMapping       : Mapped "{[/env/{name:.*}],methods=[GET],produces=[application/vnd.spring-boot.actuator.v1+json || application/json]}" onto public java.lang.Object org.springframework.boot.actuate.endpoint.mvc.EnvironmentMvcEndpoint.value(java.lang.String)
2019-08-21 10:16:21.894  INFO 5288 --- [main] o.s.b.a.e.m.EndpointHandlerMapping       : Mapped "{[/env || /env.json],methods=[GET],produces=[application/vnd.spring-boot.actuator.v1+json || application/json]}" onto public java.lang.Object org.springframework.boot.actuate.endpoint.mvc.EndpointMvcAdapter.invoke()
2019-08-21 10:16:21.894  INFO 5288 --- [main] o.s.b.a.e.m.EndpointHandlerMapping       : Mapped "{[/info || /info.json],methods=[GET],produces=[application/vnd.spring-boot.actuator.v1+json || application/json]}" onto public java.lang.Object org.springframework.boot.actuate.endpoint.mvc.EndpointMvcAdapter.invoke()
2019-08-21 10:16:21.894  INFO 5288 --- [main] o.s.b.a.e.m.EndpointHandlerMapping       : Mapped "{[/autoconfig || /autoconfig.json],methods=[GET],produces=[application/vnd.spring-boot.actuator.v1+json || application/json]}" onto public java.lang.Object org.springframework.boot.actuate.endpoint.mvc.EndpointMvcAdapter.invoke()
2019-08-21 10:16:21.894  INFO 5288 --- [main] o.s.b.a.e.m.EndpointHandlerMapping       : Mapped "{[/configprops || /configprops.json],methods=[GET],produces=[application/vnd.spring-boot.actuator.v1+json || application/json]}" onto public java.lang.Object org.springframework.boot.actuate.endpoint.mvc.EndpointMvcAdapter.invoke()
2019-08-21 10:16:21.894  INFO 5288 --- [main] o.s.b.a.e.m.EndpointHandlerMapping       : Mapped "{[/health || /health.json],methods=[GET],produces=[application/vnd.spring-boot.actuator.v1+json || application/json]}" onto public java.lang.Object org.springframework.boot.actuate.endpoint.mvc.HealthMvcEndpoint.invoke(javax.servlet.http.HttpServletRequest,java.security.Principal)
2019-08-21 10:16:21.894  INFO 5288 --- [main] o.s.b.a.e.m.EndpointHandlerMapping       : Mapped "{[/beans || /beans.json],methods=[GET],produces=[application/vnd.spring-boot.actuator.v1+json || application/json]}" onto public java.lang.Object org.springframework.boot.actuate.endpoint.mvc.EndpointMvcAdapter.invoke()
2019-08-21 10:16:21.894  INFO 5288 --- [main] o.s.b.a.e.m.EndpointHandlerMapping       : Mapped "{[/heapdump || /heapdump.json],methods=[GET],produces=[application/octet-stream]}" onto public void org.springframework.boot.actuate.endpoint.mvc.HeapdumpMvcEndpoint.invoke(boolean,javax.servlet.http.HttpServletRequest,javax.servlet.http.HttpServletResponse) throws java.io.IOException,javax.servlet.ServletException
2019-08-21 10:16:21.894  INFO 5288 --- [main] o.s.b.a.e.m.EndpointHandlerMapping       : Mapped "{[/loggers/{name:.*}],methods=[GET],produces=[application/vnd.spring-boot.actuator.v1+json || application/json]}" onto public java.lang.Object org.springframework.boot.actuate.endpoint.mvc.LoggersMvcEndpoint.get(java.lang.String)
2019-08-21 10:16:21.894  INFO 5288 --- [main] o.s.b.a.e.m.EndpointHandlerMapping       : Mapped "{[/loggers/{name:.*}],methods=[POST],consumes=[application/vnd.spring-boot.actuator.v1+json || application/json],produces=[application/vnd.spring-boot.actuator.v1+json || application/json]}" onto public java.lang.Object org.springframework.boot.actuate.endpoint.mvc.LoggersMvcEndpoint.set(java.lang.String,java.util.Map<java.lang.String, java.lang.String>)
2019-08-21 10:16:21.894  INFO 5288 --- [main] o.s.b.a.e.m.EndpointHandlerMapping       : Mapped "{[/loggers || /loggers.json],methods=[GET],produces=[application/vnd.spring-boot.actuator.v1+json || application/json]}" onto public java.lang.Object org.springframework.boot.actuate.endpoint.mvc.EndpointMvcAdapter.invoke()
2019-08-21 10:16:21.894  INFO 5288 --- [main] o.s.b.a.e.m.EndpointHandlerMapping       : Mapped "{[/metrics/{name:.*}],methods=[GET],produces=[application/vnd.spring-boot.actuator.v1+json || application/json]}" onto public java.lang.Object org.springframework.boot.actuate.endpoint.mvc.MetricsMvcEndpoint.value(java.lang.String)
2019-08-21 10:16:21.894  INFO 5288 --- [main] o.s.b.a.e.m.EndpointHandlerMapping       : Mapped "{[/metrics || /metrics.json],methods=[GET],produces=[application/vnd.spring-boot.actuator.v1+json || application/json]}" onto public java.lang.Object org.springframework.boot.actuate.endpoint.mvc.EndpointMvcAdapter.invoke()
2019-08-21 10:16:21.910  INFO 5288 --- [main] o.s.b.a.e.m.EndpointHandlerMapping       : Mapped "{[/logfile || /logfile.json],methods=[GET || HEAD]}" onto public void org.springframework.boot.actuate.endpoint.mvc.LogFileMvcEndpoint.invoke(javax.servlet.http.HttpServletRequest,javax.servlet.http.HttpServletResponse) throws javax.servlet.ServletException,java.io.IOException
2019-08-21 10:16:21.910  INFO 5288 --- [main] o.s.b.a.e.m.EndpointHandlerMapping       : Mapped "{[/mappings || /mappings.json],methods=[GET],produces=[application/vnd.spring-boot.actuator.v1+json || application/json]}" onto public java.lang.Object org.springframework.boot.actuate.endpoint.mvc.EndpointMvcAdapter.invoke()
2019-08-21 10:16:22.394  INFO 5288 --- [main] o.s.j.e.a.AnnotationMBeanExporter        : Registering beans for JMX exposure on startup
2019-08-21 10:16:22.410  INFO 5288 --- [main] o.s.c.s.DefaultLifecycleProcessor        : Starting beans in phase 0
2019-08-21 10:16:22.456  INFO 5288 --- [main] s.a.ScheduledAnnotationBeanPostProcessor : No TaskScheduler/ScheduledExecutorService bean found for scheduled processing
2019-08-21 10:16:22.488  INFO 5288 --- [main] s.b.c.e.t.TomcatEmbeddedServletContainer : Tomcat started on port(s): 8080 (http)
2019-08-21 10:16:22.503  INFO 5288 --- [main] o.s.b.m.d.Application                    : Started Application in 5.34 seconds (JVM running for 7.009)
2019-08-21 10:17:18.255  INFO 5288 --- [Thread-14] ationConfigEmbeddedWebApplicationContext : Closing org.springframework.boot.context.embedded.AnnotationConfigEmbeddedWebApplicationContext@239b0f9d: startup date [Wed Aug 21 10:16:17 CST 2019]; root of context hierarchy
2019-08-21 10:21:02.823  INFO 10424 --- [main] o.s.b.m.d.Application                    : Starting Application on LAPTOP-J2J34ARV with PID 10424 (C:\Users\a1690\Desktop\multiple-data-sources\spring-boot-multiple-ds-sample\target\classes started by 偷电瓶车养你 in C:\Users\a1690\Desktop\multiple-data-sources)
2019-08-21 10:21:02.838  INFO 10424 --- [main] o.s.b.m.d.Application                    : No active profile set, falling back to default profiles: default
2019-08-21 10:21:02.870  INFO 10424 --- [main] ationConfigEmbeddedWebApplicationContext : Refreshing org.springframework.boot.context.embedded.AnnotationConfigEmbeddedWebApplicationContext@3829ac1: startup date [Wed Aug 21 10:21:02 CST 2019]; root of context hierarchy
2019-08-21 10:21:04.561  INFO 10424 --- [main] s.b.c.e.t.TomcatEmbeddedServletContainer : Tomcat initialized with port(s): 8080 (http)
2019-08-21 10:21:04.576  INFO 10424 --- [main] o.a.c.c.StandardService                  : Starting service Tomcat
2019-08-21 10:21:04.576  INFO 10424 --- [main] o.a.c.c.StandardEngine                   : Starting Servlet Engine: Apache Tomcat/8.5.14
2019-08-21 10:21:04.639  INFO 10424 --- [localhost-startStop-1] o.a.c.c.C.[.[.[/]                        : Initializing Spring embedded WebApplicationContext
2019-08-21 10:21:04.639  INFO 10424 --- [localhost-startStop-1] o.s.w.c.ContextLoader                    : Root WebApplicationContext: initialization completed in 1769 ms
2019-08-21 10:21:05.076  INFO 10424 --- [localhost-startStop-1] o.s.b.w.s.ServletRegistrationBean        : Mapping servlet: 'dispatcherServlet' to [/]
2019-08-21 10:21:05.076  INFO 10424 --- [localhost-startStop-1] o.s.b.w.s.ServletRegistrationBean        : Mapping servlet: 'org.spring.boot.multiple.ds.servlet.druid.DruidStatViewServlet' to [/druid/*]
2019-08-21 10:21:05.076  INFO 10424 --- [localhost-startStop-1] o.s.b.w.s.FilterRegistrationBean         : Mapping filter: 'metricsFilter' to: [/*]
2019-08-21 10:21:05.076  INFO 10424 --- [localhost-startStop-1] o.s.b.w.s.FilterRegistrationBean         : Mapping filter: 'characterEncodingFilter' to: [/*]
2019-08-21 10:21:05.076  INFO 10424 --- [localhost-startStop-1] o.s.b.w.s.FilterRegistrationBean         : Mapping filter: 'hiddenHttpMethodFilter' to: [/*]
2019-08-21 10:21:05.076  INFO 10424 --- [localhost-startStop-1] o.s.b.w.s.FilterRegistrationBean         : Mapping filter: 'httpPutFormContentFilter' to: [/*]
2019-08-21 10:21:05.076  INFO 10424 --- [localhost-startStop-1] o.s.b.w.s.FilterRegistrationBean         : Mapping filter: 'requestContextFilter' to: [/*]
2019-08-21 10:21:05.076  INFO 10424 --- [localhost-startStop-1] o.s.b.w.s.FilterRegistrationBean         : Mapping filter: 'webRequestLoggingFilter' to: [/*]
2019-08-21 10:21:05.076  INFO 10424 --- [localhost-startStop-1] o.s.b.w.s.FilterRegistrationBean         : Mapping filter: 'druidWebStatFilter' to urls: [/*]
2019-08-21 10:21:05.076  INFO 10424 --- [localhost-startStop-1] o.s.b.w.s.FilterRegistrationBean         : Mapping filter: 'applicationContextIdFilter' to: [/*]
2019-08-21 10:21:06.342  INFO 10424 --- [main] s.w.s.m.m.a.RequestMappingHandlerAdapter : Looking for @ControllerAdvice: org.springframework.boot.context.embedded.AnnotationConfigEmbeddedWebApplicationContext@3829ac1: startup date [Wed Aug 21 10:21:02 CST 2019]; root of context hierarchy
2019-08-21 10:21:06.435  INFO 10424 --- [main] s.w.s.m.m.a.RequestMappingHandlerMapping : Mapped "{[/goodsReturnReceiptVoucher]}" onto public java.lang.String org.spring.boot.multiple.ds.controller.YueTuController.goodsReturnReceipt()
2019-08-21 10:21:06.435  INFO 10424 --- [main] s.w.s.m.m.a.RequestMappingHandlerMapping : Mapped "{[/merchandiseShiftVoucher]}" onto public java.lang.String org.spring.boot.multiple.ds.controller.YueTuController.merchandiseShiftVoucher()
2019-08-21 10:21:06.435  INFO 10424 --- [main] s.w.s.m.m.a.RequestMappingHandlerMapping : Mapped "{[/goodsReceiptVoucher]}" onto public java.lang.String org.spring.boot.multiple.ds.controller.YueTuController.goodsReceiptVoucher()
2019-08-21 10:21:06.435  INFO 10424 --- [main] s.w.s.m.m.a.RequestMappingHandlerMapping : Mapped "{[/error]}" onto public org.springframework.http.ResponseEntity<java.util.Map<java.lang.String, java.lang.Object>> org.springframework.boot.autoconfigure.web.BasicErrorController.error(javax.servlet.http.HttpServletRequest)
2019-08-21 10:21:06.435  INFO 10424 --- [main] s.w.s.m.m.a.RequestMappingHandlerMapping : Mapped "{[/error],produces=[text/html]}" onto public org.springframework.web.servlet.ModelAndView org.springframework.boot.autoconfigure.web.BasicErrorController.errorHtml(javax.servlet.http.HttpServletRequest,javax.servlet.http.HttpServletResponse)
2019-08-21 10:21:06.545  INFO 10424 --- [main] o.s.w.s.h.SimpleUrlHandlerMapping        : Mapped URL path [/webjars/**] onto handler of type [class org.springframework.web.servlet.resource.ResourceHttpRequestHandler]
2019-08-21 10:21:06.545  INFO 10424 --- [main] o.s.w.s.h.SimpleUrlHandlerMapping        : Mapped URL path [/**] onto handler of type [class org.springframework.web.servlet.resource.ResourceHttpRequestHandler]
2019-08-21 10:21:06.623  INFO 10424 --- [main] o.s.w.s.h.SimpleUrlHandlerMapping        : Mapped URL path [/**/favicon.ico] onto handler of type [class org.springframework.web.servlet.resource.ResourceHttpRequestHandler]
2019-08-21 10:21:07.138  INFO 10424 --- [main] o.s.b.a.e.m.EndpointHandlerMapping       : Mapped "{[/mappings || /mappings.json],methods=[GET],produces=[application/vnd.spring-boot.actuator.v1+json || application/json]}" onto public java.lang.Object org.springframework.boot.actuate.endpoint.mvc.EndpointMvcAdapter.invoke()
2019-08-21 10:21:07.138  INFO 10424 --- [main] o.s.b.a.e.m.EndpointHandlerMapping       : Mapped "{[/autoconfig || /autoconfig.json],methods=[GET],produces=[application/vnd.spring-boot.actuator.v1+json || application/json]}" onto public java.lang.Object org.springframework.boot.actuate.endpoint.mvc.EndpointMvcAdapter.invoke()
2019-08-21 10:21:07.138  INFO 10424 --- [main] o.s.b.a.e.m.EndpointHandlerMapping       : Mapped "{[/loggers/{name:.*}],methods=[GET],produces=[application/vnd.spring-boot.actuator.v1+json || application/json]}" onto public java.lang.Object org.springframework.boot.actuate.endpoint.mvc.LoggersMvcEndpoint.get(java.lang.String)
2019-08-21 10:21:07.138  INFO 10424 --- [main] o.s.b.a.e.m.EndpointHandlerMapping       : Mapped "{[/loggers/{name:.*}],methods=[POST],consumes=[application/vnd.spring-boot.actuator.v1+json || application/json],produces=[application/vnd.spring-boot.actuator.v1+json || application/json]}" onto public java.lang.Object org.springframework.boot.actuate.endpoint.mvc.LoggersMvcEndpoint.set(java.lang.String,java.util.Map<java.lang.String, java.lang.String>)
2019-08-21 10:21:07.138  INFO 10424 --- [main] o.s.b.a.e.m.EndpointHandlerMapping       : Mapped "{[/loggers || /loggers.json],methods=[GET],produces=[application/vnd.spring-boot.actuator.v1+json || application/json]}" onto public java.lang.Object org.springframework.boot.actuate.endpoint.mvc.EndpointMvcAdapter.invoke()
2019-08-21 10:21:07.138  INFO 10424 --- [main] o.s.b.a.e.m.EndpointHandlerMapping       : Mapped "{[/heapdump || /heapdump.json],methods=[GET],produces=[application/octet-stream]}" onto public void org.springframework.boot.actuate.endpoint.mvc.HeapdumpMvcEndpoint.invoke(boolean,javax.servlet.http.HttpServletRequest,javax.servlet.http.HttpServletResponse) throws java.io.IOException,javax.servlet.ServletException
2019-08-21 10:21:07.138  INFO 10424 --- [main] o.s.b.a.e.m.EndpointHandlerMapping       : Mapped "{[/info || /info.json],methods=[GET],produces=[application/vnd.spring-boot.actuator.v1+json || application/json]}" onto public java.lang.Object org.springframework.boot.actuate.endpoint.mvc.EndpointMvcAdapter.invoke()
2019-08-21 10:21:07.138  INFO 10424 --- [main] o.s.b.a.e.m.EndpointHandlerMapping       : Mapped "{[/dump || /dump.json],methods=[GET],produces=[application/vnd.spring-boot.actuator.v1+json || application/json]}" onto public java.lang.Object org.springframework.boot.actuate.endpoint.mvc.EndpointMvcAdapter.invoke()
2019-08-21 10:21:07.154  INFO 10424 --- [main] o.s.b.a.e.m.EndpointHandlerMapping       : Mapped "{[/configprops || /configprops.json],methods=[GET],produces=[application/vnd.spring-boot.actuator.v1+json || application/json]}" onto public java.lang.Object org.springframework.boot.actuate.endpoint.mvc.EndpointMvcAdapter.invoke()
2019-08-21 10:21:07.154  INFO 10424 --- [main] o.s.b.a.e.m.EndpointHandlerMapping       : Mapped "{[/trace || /trace.json],methods=[GET],produces=[application/vnd.spring-boot.actuator.v1+json || application/json]}" onto public java.lang.Object org.springframework.boot.actuate.endpoint.mvc.EndpointMvcAdapter.invoke()
2019-08-21 10:21:07.154  INFO 10424 --- [main] o.s.b.a.e.m.EndpointHandlerMapping       : Mapped "{[/env/{name:.*}],methods=[GET],produces=[application/vnd.spring-boot.actuator.v1+json || application/json]}" onto public java.lang.Object org.springframework.boot.actuate.endpoint.mvc.EnvironmentMvcEndpoint.value(java.lang.String)
2019-08-21 10:21:07.154  INFO 10424 --- [main] o.s.b.a.e.m.EndpointHandlerMapping       : Mapped "{[/env || /env.json],methods=[GET],produces=[application/vnd.spring-boot.actuator.v1+json || application/json]}" onto public java.lang.Object org.springframework.boot.actuate.endpoint.mvc.EndpointMvcAdapter.invoke()
2019-08-21 10:21:07.154  INFO 10424 --- [main] o.s.b.a.e.m.EndpointHandlerMapping       : Mapped "{[/logfile || /logfile.json],methods=[GET || HEAD]}" onto public void org.springframework.boot.actuate.endpoint.mvc.LogFileMvcEndpoint.invoke(javax.servlet.http.HttpServletRequest,javax.servlet.http.HttpServletResponse) throws javax.servlet.ServletException,java.io.IOException
2019-08-21 10:21:07.154  INFO 10424 --- [main] o.s.b.a.e.m.EndpointHandlerMapping       : Mapped "{[/auditevents || /auditevents.json],methods=[GET],produces=[application/vnd.spring-boot.actuator.v1+json || application/json]}" onto public org.springframework.http.ResponseEntity<?> org.springframework.boot.actuate.endpoint.mvc.AuditEventsMvcEndpoint.findByPrincipalAndAfterAndType(java.lang.String,java.util.Date,java.lang.String)
2019-08-21 10:21:07.154  INFO 10424 --- [main] o.s.b.a.e.m.EndpointHandlerMapping       : Mapped "{[/metrics/{name:.*}],methods=[GET],produces=[application/vnd.spring-boot.actuator.v1+json || application/json]}" onto public java.lang.Object org.springframework.boot.actuate.endpoint.mvc.MetricsMvcEndpoint.value(java.lang.String)
2019-08-21 10:21:07.154  INFO 10424 --- [main] o.s.b.a.e.m.EndpointHandlerMapping       : Mapped "{[/metrics || /metrics.json],methods=[GET],produces=[application/vnd.spring-boot.actuator.v1+json || application/json]}" onto public java.lang.Object org.springframework.boot.actuate.endpoint.mvc.EndpointMvcAdapter.invoke()
2019-08-21 10:21:07.154  INFO 10424 --- [main] o.s.b.a.e.m.EndpointHandlerMapping       : Mapped "{[/beans || /beans.json],methods=[GET],produces=[application/vnd.spring-boot.actuator.v1+json || application/json]}" onto public java.lang.Object org.springframework.boot.actuate.endpoint.mvc.EndpointMvcAdapter.invoke()
2019-08-21 10:21:07.154  INFO 10424 --- [main] o.s.b.a.e.m.EndpointHandlerMapping       : Mapped "{[/health || /health.json],methods=[GET],produces=[application/vnd.spring-boot.actuator.v1+json || application/json]}" onto public java.lang.Object org.springframework.boot.actuate.endpoint.mvc.HealthMvcEndpoint.invoke(javax.servlet.http.HttpServletRequest,java.security.Principal)
2019-08-21 10:21:07.669  INFO 10424 --- [main] o.s.j.e.a.AnnotationMBeanExporter        : Registering beans for JMX exposure on startup
2019-08-21 10:21:07.669  INFO 10424 --- [main] o.s.c.s.DefaultLifecycleProcessor        : Starting beans in phase 0
2019-08-21 10:21:07.732  INFO 10424 --- [main] s.a.ScheduledAnnotationBeanPostProcessor : No TaskScheduler/ScheduledExecutorService bean found for scheduled processing
2019-08-21 10:21:07.763  INFO 10424 --- [main] s.b.c.e.t.TomcatEmbeddedServletContainer : Tomcat started on port(s): 8080 (http)
2019-08-21 10:21:07.763  INFO 10424 --- [main] o.s.b.m.d.Application                    : Started Application in 5.284 seconds (JVM running for 7.476)
2019-08-21 10:21:18.864  INFO 10424 --- [http-nio-8080-exec-1] o.a.c.c.C.[.[.[/]                        : Initializing Spring FrameworkServlet 'dispatcherServlet'
2019-08-21 10:21:18.864  INFO 10424 --- [http-nio-8080-exec-1] o.s.w.s.DispatcherServlet                : FrameworkServlet 'dispatcherServlet': initialization started
2019-08-21 10:21:18.905  INFO 10424 --- [http-nio-8080-exec-1] o.s.w.s.DispatcherServlet                : FrameworkServlet 'dispatcherServlet': initialization completed in 41 ms
2019-08-21 10:21:18.948  INFO 10424 --- [http-nio-8080-exec-1] o.s.b.m.d.DynamicDataSourceAspect        : Use DataSource:   {dataSource, 方法签名：List org.spring.boot.multiple.ds.service.impl.MerchandiseShiftServiceImpl.merchandiseShiftVoucher(DateInfo)}
2019-08-21 10:21:18.951  INFO 10424 --- [http-nio-8080-exec-1] .s.b.m.d.s.i.MerchandiseShiftServiceImpl : 进入merchandiseShiftVoucher方法,查询百盛商品移仓单数据处理并生成单据集合
2019-08-21 10:21:19.531  INFO 10424 --- [http-nio-8080-exec-1] c.a.d.p.DruidDataSource                  : {dataSource-1} inited
2019-08-21 10:21:20.841  INFO 10424 --- [http-nio-8080-exec-1] o.s.b.m.d.DynamicDataSourceAspect        : Use DataSource:   {dataSource, 方法签名：List org.spring.boot.multiple.ds.service.impl.MerchandiseShiftServiceImpl.merchandiseShiftVoucherEntry(DateInfo)}
2019-08-21 10:21:20.841  INFO 10424 --- [http-nio-8080-exec-1] .s.b.m.d.s.i.MerchandiseShiftServiceImpl : 进入merchandiseShiftVoucherEntry方法,查询百盛商品移仓单数据处理并生成单据分录集合
2019-08-21 10:21:33.517  INFO 10424 --- [http-nio-8080-exec-1] o.s.b.m.d.DynamicDataSourceAspect        : Use DataSource:   {ds1, 方法签名：void org.spring.boot.multiple.ds.service.impl.MerchandiseShiftServiceImpl.insertMerchandiseShiftVoucher(List,List)}
2019-08-21 10:21:33.546  INFO 10424 --- [http-nio-8080-exec-1] c.a.d.p.DruidDataSource                  : {dataSource-2} inited
2019-08-21 10:21:33.549  INFO 10424 --- [http-nio-8080-exec-1] .s.b.m.d.s.i.MerchandiseShiftServiceImpl : 进入insertMerchandiseShiftVoucher方法,插入商品调仓单数据到金蝶凭证
